c:\users\malcabo\source\repos\excelmanipulations\excelmanipulations\x64\debug\vc142.pdb
c:\users\malcabo\source\repos\excelmanipulations\excelmanipulations\x64\debug\vc142.idb
c:\users\malcabo\source\repos\excelmanipulations\excelmanipulations\x64\debug\isr84lib.obj
c:\users\malcabo\source\repos\excelmanipulations\excelmanipulations\x64\debug\excelcomm.obj
c:\users\malcabo\source\repos\excelmanipulations\x64\debug\aspose.cells.dll
c:\users\malcabo\source\repos\excelmanipulations\x64\debug\libtcmalloc_minimal.dll
c:\users\malcabo\source\repos\excelmanipulations\x64\debug\icudt56.dll
c:\users\malcabo\source\repos\excelmanipulations\x64\debug\icuin56.dll
c:\users\malcabo\source\repos\excelmanipulations\x64\debug\icuuc56.dll
c:\users\malcabo\source\repos\excelmanipulations\x64\debug\spire.xls.cpp.dll
c:\users\malcabo\source\repos\excelmanipulations\x64\debug\spire.xls.cpp.lib
c:\users\malcabo\source\repos\excelmanipulations\x64\debug\spire.xls.base.dll
c:\users\malcabo\source\repos\excelmanipulations\x64\debug\libskiasharp.dll
c:\users\malcabo\source\repos\excelmanipulations\x64\debug\excelmanipulations.lib
c:\users\malcabo\source\repos\excelmanipulations\x64\debug\excelmanipulations.exp
c:\users\malcabo\source\repos\excelmanipulations\excelmanipulations\x64\debug\excelmanipulations.ilk
c:\users\malcabo\source\repos\excelmanipulations\x64\debug\excelmanipulations.exe
c:\users\malcabo\source\repos\excelmanipulations\x64\debug\excelmanipulations.pdb
c:\users\malcabo\source\repos\excelmanipulations\excelmanipulations\x64\debug\excelman.45a56ce1.tlog\cl.command.1.tlog
c:\users\malcabo\source\repos\excelmanipulations\excelmanipulations\x64\debug\excelman.45a56ce1.tlog\cl.read.1.tlog
c:\users\malcabo\source\repos\excelmanipulations\excelmanipulations\x64\debug\excelman.45a56ce1.tlog\cl.write.1.tlog
c:\users\malcabo\source\repos\excelmanipulations\excelmanipulations\x64\debug\excelman.45a56ce1.tlog\copylocal.read.1u.tlog
c:\users\malcabo\source\repos\excelmanipulations\excelmanipulations\x64\debug\excelman.45a56ce1.tlog\copylocal.write.1u.tlog
c:\users\malcabo\source\repos\excelmanipulations\excelmanipulations\x64\debug\excelman.45a56ce1.tlog\excelmanipulations.write.1u.tlog
c:\users\malcabo\source\repos\excelmanipulations\excelmanipulations\x64\debug\excelman.45a56ce1.tlog\link.command.1.tlog
c:\users\malcabo\source\repos\excelmanipulations\excelmanipulations\x64\debug\excelman.45a56ce1.tlog\link.read.1.tlog
c:\users\malcabo\source\repos\excelmanipulations\excelmanipulations\x64\debug\excelman.45a56ce1.tlog\link.write.1.tlog
